<?xml version="1.0" encoding="UTF-8"?>
<!-- Generated by org.testng.reporters.JUnitXMLReporter -->
<testsuite ignored="0" hostname="DhruvPrajapati" failures="1" tests="1" name="Test" time="85.392" errors="0" timestamp="2025-12-16T18:26:38 IST">
  <testcase classname="TestClass.Otp_email" name="testEmailOTP" time="85.332">
    <failure type="java.lang.RuntimeException" message="❌ OTP not found in email!">
      <![CDATA[java.lang.RuntimeException: ❌ OTP not found in email!
at TestClass.Otp_email.testEmailOTP(Otp_email.java:85)
at java.base/java.util.ArrayList.forEach(ArrayList.java:1596)
... Removed 25 stack frames]]>
    </failure>
  </testcase> <!-- testEmailOTP -->
</testsuite> <!-- Test -->
