<?xml version="1.0" encoding="UTF-8"?>
<testng-results ignored="0" total="1" passed="1" failed="0" skipped="0">
  <reporter-output>
  </reporter-output>
  <suite started-at="2025-12-17T10:32:30 IST" name="Suite" finished-at="2025-12-17T10:32:33 IST" duration-ms="3116">
    <groups>
    </groups>
    <test started-at="2025-12-17T10:32:30 IST" name="Test" finished-at="2025-12-17T10:32:33 IST" duration-ms="3116">
      <class name="TestClass.CaptchaAutomationTC">
        <test-method signature="testCaptcha()[pri:0, instance:TestClass.CaptchaAutomationTC@7dcf94f8]" started-at="2025-12-17T10:32:30 IST" name="testCaptcha" finished-at="2025-12-17T10:32:33 IST" duration-ms="3065" status="PASS">
          <reporter-output>
          </reporter-output>
        </test-method> <!-- testCaptcha -->
      </class> <!-- TestClass.CaptchaAutomationTC -->
    </test> <!-- Test -->
  </suite> <!-- Suite -->
</testng-results>
