<?xml version="1.0" encoding="UTF-8"?>
<testng-results ignored="0" total="1" passed="1" failed="0" skipped="0">
  <reporter-output>
  </reporter-output>
  <suite started-at="2025-12-11T18:37:47 IST" name="Suite" finished-at="2025-12-11T18:37:54 IST" duration-ms="7222">
    <groups>
    </groups>
    <test started-at="2025-12-11T18:37:47 IST" name="Test" finished-at="2025-12-11T18:37:54 IST" duration-ms="7222">
      <class name="TestClass.Otp_email">
        <test-method signature="testEmailOTP()[pri:0, instance:TestClass.Otp_email@1f2586d6]" started-at="2025-12-11T18:37:47 IST" name="testEmailOTP" finished-at="2025-12-11T18:37:54 IST" duration-ms="7163" status="PASS">
          <reporter-output>
          </reporter-output>
        </test-method> <!-- testEmailOTP -->
      </class> <!-- TestClass.Otp_email -->
    </test> <!-- Test -->
  </suite> <!-- Suite -->
</testng-results>
